<?xml version="1.0" encoding="UTF-8"?>
<!-- Generated by org.testng.reporters.JUnitReportReporter -->
<testsuite skipped="0" hostname="DESKTOP-92VJQUB" name="onlineBanking.testcases.AcntCheckingNPageTest" tests="1" failures="0" timestamp="2020-01-14T14:08:17 CST" time="26.617" errors="0">
  <testcase name="clickAcntCheckingNewLinkTest" time="26.617" classname="onlineBanking.testcases.AcntCheckingNPageTest"/>
  <system-out/>
</testsuite> <!-- onlineBanking.testcases.AcntCheckingNPageTest -->
