<?xml version="1.0" encoding="UTF-8"?>
<!-- Generated by org.testng.reporters.JUnitReportReporter -->
<testsuite skipped="0" hostname="DESKTOP-92VJQUB" name="onlineBanking.testcases.AcntSavingNPageTest" tests="1" failures="0" timestamp="2020-01-14T15:16:42 CST" time="26.706" errors="0">
  <testcase name="clickAcntSavingNewLinkTest" time="26.706" classname="onlineBanking.testcases.AcntSavingNPageTest"/>
  <system-out/>
</testsuite> <!-- onlineBanking.testcases.AcntSavingNPageTest -->
