<?xml version="1.0" encoding="UTF-8"?>
<!-- Generated by org.testng.reporters.JUnitReportReporter -->
<testsuite skipped="0" hostname="DESKTOP-92VJQUB" name="onlineBanking.testcases.AcntDepositPageTest" tests="1" failures="0" timestamp="2020-01-14T15:32:37 CST" time="22.058" errors="0">
  <testcase name="clickAcntDepositewLinkTest" time="22.058" classname="onlineBanking.testcases.AcntDepositPageTest"/>
  <system-out/>
</testsuite> <!-- onlineBanking.testcases.AcntDepositPageTest -->
