<?xml version="1.0" encoding="UTF-8"?>
<!-- Generated by org.testng.reporters.JUnitReportReporter -->
<testsuite skipped="0" hostname="DESKTOP-92VJQUB" name="onlineBanking.testcases.AcntCheckingVPageTest" tests="1" failures="0" timestamp="2020-01-14T13:15:05 CST" time="14.950" errors="0">
  <testcase name="clickAcntCheckingViewLinkTest" time="14.950" classname="onlineBanking.testcases.AcntCheckingVPageTest"/>
  <system-out/>
</testsuite> <!-- onlineBanking.testcases.AcntCheckingVPageTest -->
