<?xml version="1.0" encoding="UTF-8"?>
<!-- Generated by org.testng.reporters.JUnitReportReporter -->
<testsuite skipped="0" hostname="DESKTOP-92VJQUB" name="onlineBanking.testcases.MainPageTest" tests="1" failures="0" timestamp="2020-01-14T09:42:57 CST" time="11.100" errors="0">
  <testcase name="loginToMainPage" time="11.100" classname="onlineBanking.testcases.MainPageTest"/>
  <system-out/>
</testsuite> <!-- onlineBanking.testcases.MainPageTest -->
