<?xml version="1.0" encoding="UTF-8"?>
<!-- Generated by org.testng.reporters.JUnitReportReporter -->
<testsuite skipped="0" hostname="DESKTOP-92VJQUB" name="onlineBanking.testcases.AcntSavingVPageTest" tests="1" failures="0" timestamp="2020-01-14T13:26:33 CST" time="15.090" errors="0">
  <testcase name="clickAcntSavingViewLinkTest" time="15.090" classname="onlineBanking.testcases.AcntSavingVPageTest"/>
  <system-out/>
</testsuite> <!-- onlineBanking.testcases.AcntSavingVPageTest -->
