<?xml version="1.0" encoding="UTF-8"?>
<!-- Generated by org.testng.reporters.JUnitReportReporter -->
<testsuite skipped="0" hostname="DESKTOP-92VJQUB" name="onlineBanking.testcases.AcntWithdrawPageTest" tests="1" failures="0" timestamp="2020-01-14T15:42:27 CST" time="21.838" errors="0">
  <testcase name="WithdrawLinkTest" time="21.838" classname="onlineBanking.testcases.AcntWithdrawPageTest"/>
  <system-out/>
</testsuite> <!-- onlineBanking.testcases.AcntWithdrawPageTest -->
